<?xml version="1.0" encoding="UTF-8"?>
<!-- Generated by org.testng.reporters.JUnitXMLReporter -->
<testsuite ignored="0" hostname="MinhHung" failures="3" tests="7" name="Test" time="116.639" errors="0" timestamp="2022-11-05T16:24:14 ICT">
  <testcase classname="com.automation.test.TC_LoginTest" name="Test" time="20.566"/>
  <testcase classname="com.automation.test.TC_LoginTest" name="Test" time="9.787">
    <failure type="java.lang.AssertionError" message="expected [My account] but found [Authentication]">
      <![CDATA[java.lang.AssertionError: expected [My account] but found [Authentication]
at com.automation.pom.LoginPage.Login(LoginPage.java:42)
at com.automation.test.TC_LoginTest.Test(TC_LoginTest.java:21)
at java.base/java.util.ArrayList.forEach(ArrayList.java:1511)
... Removed 31 stack frames]]>
    </failure>
  </testcase> <!-- Test -->
  <testcase classname="com.automation.test.TC_LoginTest" name="Test" time="13.059"/>
  <testcase classname="com.automation.test.TC_LoginTest" name="Test" time="7.199">
    <failure type="java.lang.AssertionError" message="expected [My account] but found [Authentication]">
      <![CDATA[java.lang.AssertionError: expected [My account] but found [Authentication]
at com.automation.pom.LoginPage.Login(LoginPage.java:42)
at com.automation.test.TC_LoginTest.Test(TC_LoginTest.java:21)
at java.base/java.util.ArrayList.forEach(ArrayList.java:1511)
... Removed 31 stack frames]]>
    </failure>
  </testcase> <!-- Test -->
  <testcase classname="com.automation.test.TC_LoginTest" name="Test" time="8.11">
    <failure type="java.lang.AssertionError" message="expected [My account] but found [Authentication]">
      <![CDATA[java.lang.AssertionError: expected [My account] but found [Authentication]
at com.automation.pom.LoginPage.Login(LoginPage.java:42)
at com.automation.test.TC_LoginTest.Test(TC_LoginTest.java:21)
at java.base/java.util.ArrayList.forEach(ArrayList.java:1511)
... Removed 31 stack frames]]>
    </failure>
  </testcase> <!-- Test -->
  <testcase classname="com.automation.test.TC_LoginTest" name="Test" time="14.736"/>
  <testcase classname="com.automation.test.TC_LoginTest" name="Test" time="15.219"/>
</testsuite> <!-- Test -->
